# JRE version: OpenJDK Runtime Environment (7.0_79-b14) (build 1.7.0_79-b14)
# Java VM: OpenJDK 64-Bit Server VM (24.79-b02 mixed mode linux-amd64 compressed oops)
Heap
 PSYoungGen      total 207872K, used 17387K [0x00000000e1800000, 0x00000000ef600000, 0x0000000100000000)
  eden space 190464K, 0% used [0x00000000e1800000,0x00000000e1800000,0x00000000ed200000)
  from space 17408K, 99% used [0x00000000ed200000,0x00000000ee2fafb0,0x00000000ee300000)
  to   space 15360K, 0% used [0x00000000ee300000,0x00000000ee300000,0x00000000ef200000)
 ParOldGen       total 62464K, used 28819K [0x00000000a4800000, 0x00000000a8500000, 0x00000000e1800000)
  object space 62464K, 46% used [0x00000000a4800000,0x00000000a6424c28,0x00000000a8500000)
 PSPermGen       total 39936K, used 39489K [0x000000009a200000, 0x000000009c900000, 0x00000000a4800000)
  object space 39936K, 98% used [0x000000009a200000,0x000000009c8905d8,0x000000009c900000)
GC Heap History (10 events):
Event: 21.415 GC heap after
Heap after GC invocations=2 (full 0):
 PSYoungGen      total 51712K, used 3572K [0x00000000e1800000, 0x00000000e4e00000, 0x0000000100000000)
  eden space 48128K, 0% used [0x00000000e1800000,0x00000000e1800000,0x00000000e4700000)
  from space 3584K, 99% used [0x00000000e4a80000,0x00000000e4dfd228,0x00000000e4e00000)
  to   space 3584K, 0% used [0x00000000e4700000,0x00000000e4700000,0x00000000e4a80000)
 ParOldGen       total 62464K, used 819K [0x00000000a4800000, 0x00000000a8500000, 0x00000000e1800000)
  object space 62464K, 1% used [0x00000000a4800000,0x00000000a48ccfe0,0x00000000a8500000)
 PSPermGen       total 21504K, used 12993K [0x000000009a200000, 0x000000009b700000, 0x00000000a4800000)
  object space 21504K, 60% used [0x000000009a200000,0x000000009aeb05d8,0x000000009b700000)
}
Event: 24.323 GC heap before
{Heap before GC invocations=3 (full 0):
 PSYoungGen      total 51712K, used 51685K [0x00000000e1800000, 0x00000000e4e00000, 0x0000000100000000)
  eden space 48128K, 99% used [0x00000000e1800000,0x00000000e46fc588,0x00000000e4700000)
  from space 3584K, 99% used [0x00000000e4a80000,0x00000000e4dfd228,0x00000000e4e00000)
  to   space 3584K, 0% used [0x00000000e4700000,0x00000000e4700000,0x00000000e4a80000)
 ParOldGen       total 62464K, used 819K [0x00000000a4800000, 0x00000000a8500000, 0x00000000e1800000)
  object space 62464K, 1% used [0x00000000a4800000,0x00000000a48ccfe0,0x00000000a8500000)
 PSPermGen       total 21504K, used 19360K [0x000000009a200000, 0x000000009b700000, 0x00000000a4800000)
  object space 21504K, 90% used [0x000000009a200000,0x000000009b4e80b8,0x000000009b700000)
Event: 24.336 GC heap after
Heap after GC invocations=3 (full 0):
 PSYoungGen      total 51712K, used 3557K [0x00000000e1800000, 0x00000000e7d00000, 0x0000000100000000)
  eden space 48128K, 0% used [0x00000000e1800000,0x00000000e1800000,0x00000000e4700000)
  from space 3584K, 99% used [0x00000000e4700000,0x00000000e4a79418,0x00000000e4a80000)
  to   space 3584K, 0% used [0x00000000e7980000,0x00000000e7980000,0x00000000e7d00000)
 ParOldGen       total 62464K, used 4401K [0x00000000a4800000, 0x00000000a8500000, 0x00000000e1800000)
  object space 62464K, 7% used [0x00000000a4800000,0x00000000a4c4c5a0,0x00000000a8500000)
 PSPermGen       total 21504K, used 19360K [0x000000009a200000, 0x000000009b700000, 0x00000000a4800000)
  object space 21504K, 90% used [0x000000009a200000,0x000000009b4e80b8,0x000000009b700000)
}
Event: 27.360 GC heap before
{Heap before GC invocations=4 (full 0):
 PSYoungGen      total 51712K, used 51685K [0x00000000e1800000, 0x00000000e7d00000, 0x0000000100000000)
  eden space 48128K, 100% used [0x00000000e1800000,0x00000000e4700000,0x00000000e4700000)
  from space 3584K, 99% used [0x00000000e4700000,0x00000000e4a79418,0x00000000e4a80000)
  to   space 3584K, 0% used [0x00000000e7980000,0x00000000e7980000,0x00000000e7d00000)
 ParOldGen       total 62464K, used 4401K [0x00000000a4800000, 0x00000000a8500000, 0x00000000e1800000)
  object space 62464K, 7% used [0x00000000a4800000,0x00000000a4c4c5a0,0x00000000a8500000)
 PSPermGen       total 26112K, used 25989K [0x000000009a200000, 0x000000009bb80000, 0x00000000a4800000)
  object space 26112K, 99% used [0x000000009a200000,0x000000009bb616a8,0x000000009bb80000)
Event: 27.375 GC heap after
Heap after GC invocations=4 (full 0):
 PSYoungGen      total 99840K, used 3562K [0x00000000e1800000, 0x00000000e7d00000, 0x0000000100000000)
  eden space 96256K, 0% used [0x00000000e1800000,0x00000000e1800000,0x00000000e7600000)
  from space 3584K, 99% used [0x00000000e7980000,0x00000000e7cfa868,0x00000000e7d00000)
  to   space 3584K, 0% used [0x00000000e7600000,0x00000000e7600000,0x00000000e7980000)
 ParOldGen       total 62464K, used 9662K [0x00000000a4800000, 0x00000000a8500000, 0x00000000e1800000)
  object space 62464K, 15% used [0x00000000a4800000,0x00000000a516f848,0x00000000a8500000)
 PSPermGen       total 26112K, used 25989K [0x000000009a200000, 0x000000009bb80000, 0x00000000a4800000)
  object space 26112K, 99% used [0x000000009a200000,0x000000009bb616a8,0x000000009bb80000)
}
Event: 39.874 GC heap before
{Heap before GC invocations=5 (full 0):
 PSYoungGen      total 99840K, used 99282K [0x00000000e1800000, 0x00000000e7d00000, 0x0000000100000000)
  eden space 96256K, 99% used [0x00000000e1800000,0x00000000e757a2e8,0x00000000e7600000)
  from space 3584K, 99% used [0x00000000e7980000,0x00000000e7cfa868,0x00000000e7d00000)
  to   space 3584K, 0% used [0x00000000e7600000,0x00000000e7600000,0x00000000e7980000)
 ParOldGen       total 62464K, used 9662K [0x00000000a4800000, 0x00000000a8500000, 0x00000000e1800000)
  object space 62464K, 15% used [0x00000000a4800000,0x00000000a516f848,0x00000000a8500000)
 PSPermGen       total 36864K, used 36854K [0x000000009a200000, 0x000000009c600000, 0x00000000a4800000)
  object space 36864K, 99% used [0x000000009a200000,0x000000009c5fd8d0,0x000000009c600000)
Event: 39.901 GC heap after
Heap after GC invocations=5 (full 0):
 PSYoungGen      total 99840K, used 3566K [0x00000000e1800000, 0x00000000ef200000, 0x0000000100000000)
  eden space 96256K, 0% used [0x00000000e1800000,0x00000000e1800000,0x00000000e7600000)
  from space 3584K, 99% used [0x00000000e7600000,0x00000000e797b8c8,0x00000000e7980000)
  to   space 15360K, 0% used [0x00000000ee300000,0x00000000ee300000,0x00000000ef200000)
 ParOldGen       total 62464K, used 20212K [0x00000000a4800000, 0x00000000a8500000, 0x00000000e1800000)
  object space 62464K, 32% used [0x00000000a4800000,0x00000000a5bbd118,0x00000000a8500000)
 PSPermGen       total 36864K, used 36854K [0x000000009a200000, 0x000000009c600000, 0x00000000a4800000)
  object space 36864K, 99% used [0x000000009a200000,0x000000009c5fd8d0,0x000000009c600000)
}
Event: 43.333 GC heap before
{Heap before GC invocations=6 (full 0):
 PSYoungGen      total 99840K, used 99822K [0x00000000e1800000, 0x00000000ef200000, 0x0000000100000000)
  eden space 96256K, 100% used [0x00000000e1800000,0x00000000e7600000,0x00000000e7600000)
  from space 3584K, 99% used [0x00000000e7600000,0x00000000e797b8c8,0x00000000e7980000)
  to   space 15360K, 0% used [0x00000000ee300000,0x00000000ee300000,0x00000000ef200000)
 ParOldGen       total 62464K, used 20212K [0x00000000a4800000, 0x00000000a8500000, 0x00000000e1800000)
  object space 62464K, 32% used [0x00000000a4800000,0x00000000a5bbd118,0x00000000a8500000)
 PSPermGen       total 39424K, used 39352K [0x000000009a200000, 0x000000009c880000, 0x00000000a4800000)
  object space 39424K, 99% used [0x000000009a200000,0x000000009c86e1d8,0x000000009c880000)
Event: 43.355 GC heap after
Heap after GC invocations=6 (full 0):
 PSYoungGen      total 205824K, used 14003K [0x00000000e1800000, 0x00000000ef600000, 0x0000000100000000)
  eden space 190464K, 0% used [0x00000000e1800000,0x00000000e1800000,0x00000000ed200000)
  from space 15360K, 91% used [0x00000000ee300000,0x00000000ef0acc20,0x00000000ef200000)
  to   space 17408K, 0% used [0x00000000ed200000,0x00000000ed200000,0x00000000ee300000)
 ParOldGen       total 62464K, used 20220K [0x00000000a4800000, 0x00000000a8500000, 0x00000000e1800000)
  object space 62464K, 32% used [0x00000000a4800000,0x00000000a5bbf118,0x00000000a8500000)
 PSPermGen       total 39424K, used 39352K [0x000000009a200000, 0x000000009c880000, 0x00000000a4800000)
  object space 39424K, 99% used [0x000000009a200000,0x000000009c86e1d8,0x000000009c880000)
}
Event: 43.777 GC heap before
{Heap before GC invocations=7 (full 0):
 PSYoungGen      total 205824K, used 204467K [0x00000000e1800000, 0x00000000ef600000, 0x0000000100000000)
  eden space 190464K, 100% used [0x00000000e1800000,0x00000000ed200000,0x00000000ed200000)
  from space 15360K, 91% used [0x00000000ee300000,0x00000000ef0acc20,0x00000000ef200000)
  to   space 17408K, 0% used [0x00000000ed200000,0x00000000ed200000,0x00000000ee300000)
 ParOldGen       total 62464K, used 20220K [0x00000000a4800000, 0x00000000a8500000, 0x00000000e1800000)
  object space 62464K, 32% used [0x00000000a4800000,0x00000000a5bbf118,0x00000000a8500000)
 PSPermGen       total 39936K, used 39489K [0x000000009a200000, 0x000000009c900000, 0x00000000a4800000)
  object space 39936K, 98% used [0x000000009a200000,0x000000009c8905d8,0x000000009c900000)

