# JRE version: OpenJDK Runtime Environment (7.0_79-b14) (build 1.7.0_79-b14)
# Java VM: OpenJDK 64-Bit Server VM (24.79-b02 mixed mode linux-amd64 compressed oops)
Heap
 PSYoungGen      total 206848K, used 14317K [0x00000000e1800000, 0x00000000ef000000, 0x0000000100000000)
  eden space 192512K, 0% used [0x00000000e1800000,0x00000000e1800000,0x00000000ed400000)
  from space 14336K, 99% used [0x00000000ed400000,0x00000000ee1fb750,0x00000000ee200000)
  to   space 13312K, 0% used [0x00000000ee300000,0x00000000ee300000,0x00000000ef000000)
 ParOldGen       total 62464K, used 24429K [0x00000000a4800000, 0x00000000a8500000, 0x00000000e1800000)
  object space 62464K, 39% used [0x00000000a4800000,0x00000000a5fdb490,0x00000000a8500000)
 PSPermGen       total 39424K, used 39302K [0x000000009a200000, 0x000000009c880000, 0x00000000a4800000)
  object space 39424K, 99% used [0x000000009a200000,0x000000009c861b08,0x000000009c880000)
GC Heap History (10 events):
Event: 1.985 GC heap after
Heap after GC invocations=2 (full 0):
 PSYoungGen      total 51712K, used 3565K [0x00000000e1800000, 0x00000000e4e00000, 0x0000000100000000)
  eden space 48128K, 0% used [0x00000000e1800000,0x00000000e1800000,0x00000000e4700000)
  from space 3584K, 99% used [0x00000000e4a80000,0x00000000e4dfb708,0x00000000e4e00000)
  to   space 3584K, 0% used [0x00000000e4700000,0x00000000e4700000,0x00000000e4a80000)
 ParOldGen       total 62464K, used 853K [0x00000000a4800000, 0x00000000a8500000, 0x00000000e1800000)
  object space 62464K, 1% used [0x00000000a4800000,0x00000000a48d5668,0x00000000a8500000)
 PSPermGen       total 21504K, used 12793K [0x000000009a200000, 0x000000009b700000, 0x00000000a4800000)
  object space 21504K, 59% used [0x000000009a200000,0x000000009ae7e488,0x000000009b700000)
}
Event: 3.614 GC heap before
{Heap before GC invocations=3 (full 0):
 PSYoungGen      total 51712K, used 51693K [0x00000000e1800000, 0x00000000e4e00000, 0x0000000100000000)
  eden space 48128K, 99% used [0x00000000e1800000,0x00000000e46ffd88,0x00000000e4700000)
  from space 3584K, 99% used [0x00000000e4a80000,0x00000000e4dfb708,0x00000000e4e00000)
  to   space 3584K, 0% used [0x00000000e4700000,0x00000000e4700000,0x00000000e4a80000)
 ParOldGen       total 62464K, used 853K [0x00000000a4800000, 0x00000000a8500000, 0x00000000e1800000)
  object space 62464K, 1% used [0x00000000a4800000,0x00000000a48d5668,0x00000000a8500000)
 PSPermGen       total 21504K, used 19359K [0x000000009a200000, 0x000000009b700000, 0x00000000a4800000)
  object space 21504K, 90% used [0x000000009a200000,0x000000009b4e7f88,0x000000009b700000)
Event: 3.630 GC heap after
Heap after GC invocations=3 (full 0):
 PSYoungGen      total 51712K, used 3576K [0x00000000e1800000, 0x00000000e7d00000, 0x0000000100000000)
  eden space 48128K, 0% used [0x00000000e1800000,0x00000000e1800000,0x00000000e4700000)
  from space 3584K, 99% used [0x00000000e4700000,0x00000000e4a7e158,0x00000000e4a80000)
  to   space 3584K, 0% used [0x00000000e7980000,0x00000000e7980000,0x00000000e7d00000)
 ParOldGen       total 62464K, used 4425K [0x00000000a4800000, 0x00000000a8500000, 0x00000000e1800000)
  object space 62464K, 7% used [0x00000000a4800000,0x00000000a4c52620,0x00000000a8500000)
 PSPermGen       total 21504K, used 19359K [0x000000009a200000, 0x000000009b700000, 0x00000000a4800000)
  object space 21504K, 90% used [0x000000009a200000,0x000000009b4e7f88,0x000000009b700000)
}
Event: 4.757 GC heap before
{Heap before GC invocations=4 (full 0):
 PSYoungGen      total 51712K, used 51704K [0x00000000e1800000, 0x00000000e7d00000, 0x0000000100000000)
  eden space 48128K, 100% used [0x00000000e1800000,0x00000000e4700000,0x00000000e4700000)
  from space 3584K, 99% used [0x00000000e4700000,0x00000000e4a7e158,0x00000000e4a80000)
  to   space 3584K, 0% used [0x00000000e7980000,0x00000000e7980000,0x00000000e7d00000)
 ParOldGen       total 62464K, used 4425K [0x00000000a4800000, 0x00000000a8500000, 0x00000000e1800000)
  object space 62464K, 7% used [0x00000000a4800000,0x00000000a4c52620,0x00000000a8500000)
 PSPermGen       total 26112K, used 26039K [0x000000009a200000, 0x000000009bb80000, 0x00000000a4800000)
  object space 26112K, 99% used [0x000000009a200000,0x000000009bb6dd58,0x000000009bb80000)
Event: 5.071 GC heap after
Heap after GC invocations=4 (full 0):
 PSYoungGen      total 99840K, used 3582K [0x00000000e1800000, 0x00000000e7d00000, 0x0000000100000000)
  eden space 96256K, 0% used [0x00000000e1800000,0x00000000e1800000,0x00000000e7600000)
  from space 3584K, 99% used [0x00000000e7980000,0x00000000e7cff868,0x00000000e7d00000)
  to   space 3584K, 0% used [0x00000000e7600000,0x00000000e7600000,0x00000000e7980000)
 ParOldGen       total 62464K, used 9747K [0x00000000a4800000, 0x00000000a8500000, 0x00000000e1800000)
  object space 62464K, 15% used [0x00000000a4800000,0x00000000a5184f78,0x00000000a8500000)
 PSPermGen       total 26112K, used 26039K [0x000000009a200000, 0x000000009bb80000, 0x00000000a4800000)
  object space 26112K, 99% used [0x000000009a200000,0x000000009bb6dd58,0x000000009bb80000)
}
Event: 7.389 GC heap before
{Heap before GC invocations=5 (full 0):
 PSYoungGen      total 99840K, used 99838K [0x00000000e1800000, 0x00000000e7d00000, 0x0000000100000000)
  eden space 96256K, 100% used [0x00000000e1800000,0x00000000e7600000,0x00000000e7600000)
  from space 3584K, 99% used [0x00000000e7980000,0x00000000e7cff868,0x00000000e7d00000)
  to   space 3584K, 0% used [0x00000000e7600000,0x00000000e7600000,0x00000000e7980000)
 ParOldGen       total 62464K, used 9747K [0x00000000a4800000, 0x00000000a8500000, 0x00000000e1800000)
  object space 62464K, 15% used [0x00000000a4800000,0x00000000a5184f78,0x00000000a8500000)
 PSPermGen       total 37376K, used 37275K [0x000000009a200000, 0x000000009c680000, 0x00000000a4800000)
  object space 37376K, 99% used [0x000000009a200000,0x000000009c666d18,0x000000009c680000)
Event: 7.515 GC heap after
Heap after GC invocations=5 (full 0):
 PSYoungGen      total 99840K, used 3581K [0x00000000e1800000, 0x00000000ef200000, 0x0000000100000000)
  eden space 96256K, 0% used [0x00000000e1800000,0x00000000e1800000,0x00000000e7600000)
  from space 3584K, 99% used [0x00000000e7600000,0x00000000e797f7f8,0x00000000e7980000)
  to   space 15360K, 0% used [0x00000000ee300000,0x00000000ee300000,0x00000000ef200000)
 ParOldGen       total 62464K, used 20577K [0x00000000a4800000, 0x00000000a8500000, 0x00000000e1800000)
  object space 62464K, 32% used [0x00000000a4800000,0x00000000a5c186d0,0x00000000a8500000)
 PSPermGen       total 37376K, used 37275K [0x000000009a200000, 0x000000009c680000, 0x00000000a4800000)
  object space 37376K, 99% used [0x000000009a200000,0x000000009c666d18,0x000000009c680000)
}
Event: 7.953 GC heap before
{Heap before GC invocations=6 (full 0):
 PSYoungGen      total 99840K, used 99837K [0x00000000e1800000, 0x00000000ef200000, 0x0000000100000000)
  eden space 96256K, 100% used [0x00000000e1800000,0x00000000e7600000,0x00000000e7600000)
  from space 3584K, 99% used [0x00000000e7600000,0x00000000e797f7f8,0x00000000e7980000)
  to   space 15360K, 0% used [0x00000000ee300000,0x00000000ee300000,0x00000000ef200000)
 ParOldGen       total 62464K, used 20577K [0x00000000a4800000, 0x00000000a8500000, 0x00000000e1800000)
  object space 62464K, 32% used [0x00000000a4800000,0x00000000a5c186d0,0x00000000a8500000)
 PSPermGen       total 37376K, used 37301K [0x000000009a200000, 0x000000009c680000, 0x00000000a4800000)
  object space 37376K, 99% used [0x000000009a200000,0x000000009c66d450,0x000000009c680000)
Event: 7.973 GC heap after
Heap after GC invocations=6 (full 0):
 PSYoungGen      total 205824K, used 8085K [0x00000000e1800000, 0x00000000ef000000, 0x0000000100000000)
  eden space 192512K, 0% used [0x00000000e1800000,0x00000000e1800000,0x00000000ed400000)
  from space 13312K, 60% used [0x00000000ee300000,0x00000000eeae55f0,0x00000000ef000000)
  to   space 14336K, 0% used [0x00000000ed400000,0x00000000ed400000,0x00000000ee200000)
 ParOldGen       total 62464K, used 20577K [0x00000000a4800000, 0x00000000a8500000, 0x00000000e1800000)
  object space 62464K, 32% used [0x00000000a4800000,0x00000000a5c186d0,0x00000000a8500000)
 PSPermGen       total 37376K, used 37301K [0x000000009a200000, 0x000000009c680000, 0x00000000a4800000)
  object space 37376K, 99% used [0x000000009a200000,0x000000009c66d450,0x000000009c680000)
}
Event: 11.467 GC heap before
{Heap before GC invocations=7 (full 0):
 PSYoungGen      total 205824K, used 200597K [0x00000000e1800000, 0x00000000ef000000, 0x0000000100000000)
  eden space 192512K, 100% used [0x00000000e1800000,0x00000000ed400000,0x00000000ed400000)
  from space 13312K, 60% used [0x00000000ee300000,0x00000000eeae55f0,0x00000000ef000000)
  to   space 14336K, 0% used [0x00000000ed400000,0x00000000ed400000,0x00000000ee200000)
 ParOldGen       total 62464K, used 20577K [0x00000000a4800000, 0x00000000a8500000, 0x00000000e1800000)
  object space 62464K, 32% used [0x00000000a4800000,0x00000000a5c186d0,0x00000000a8500000)
 PSPermGen       total 39424K, used 39302K [0x000000009a200000, 0x000000009c880000, 0x00000000a4800000)
  object space 39424K, 99% used [0x000000009a200000,0x000000009c861b08,0x000000009c880000)

